<?xml version="1.0" encoding="UTF-8"?>
<testng-results ignored="0" total="0" passed="0" failed="0" skipped="0">
  <reporter-output>
  </reporter-output>
  <suite started-at="2021-07-16T20:18:47 SGT" name="Surefire suite" finished-at="2021-07-16T20:18:55 SGT" duration-ms="7715">
    <groups>
    </groups>
    <test started-at="2021-07-16T20:18:47 SGT" name="Surefire test" finished-at="2021-07-16T20:18:55 SGT" duration-ms="7715">
    </test> <!-- Surefire test -->
  </suite> <!-- Surefire suite -->
</testng-results>
